[2025-03-03T17:25:22.780+0000] {taskinstance.py:1159} INFO - Dependencies all met for dep_context=non-requeueable deps ti=<TaskInstance: customer_churn_ml_pipeline.data_preparation_task manual__2025-03-03T17:24:36.651559+00:00 [queued]>
[2025-03-03T17:25:22.790+0000] {taskinstance.py:1159} INFO - Dependencies all met for dep_context=requeueable deps ti=<TaskInstance: customer_churn_ml_pipeline.data_preparation_task manual__2025-03-03T17:24:36.651559+00:00 [queued]>
[2025-03-03T17:25:22.791+0000] {taskinstance.py:1361} INFO - Starting attempt 1 of 1
[2025-03-03T17:25:22.807+0000] {taskinstance.py:1382} INFO - Executing <Task(BashOperator): data_preparation_task> on 2025-03-03 17:24:36.651559+00:00
[2025-03-03T17:25:22.812+0000] {standard_task_runner.py:57} INFO - Started process 9049 to run task
[2025-03-03T17:25:22.816+0000] {standard_task_runner.py:84} INFO - Running: ['***', 'tasks', 'run', 'customer_churn_ml_pipeline', 'data_preparation_task', 'manual__2025-03-03T17:24:36.651559+00:00', '--job-id', '164', '--raw', '--subdir', 'DAGS_FOLDER/customer_churn.py', '--cfg-path', '/tmp/tmpob77r0sk']
[2025-03-03T17:25:22.818+0000] {standard_task_runner.py:85} INFO - Job 164: Subtask data_preparation_task
[2025-03-03T17:25:22.839+0000] {logging_mixin.py:154} WARNING - /home/***/.local/lib/python3.8/site-packages/***/settings.py:195 DeprecationWarning: The sql_alchemy_conn option in [core] has been moved to the sql_alchemy_conn option in [database] - the old setting has been used, but please update your config.
[2025-03-03T17:25:22.882+0000] {task_command.py:416} INFO - Running <TaskInstance: customer_churn_ml_pipeline.data_preparation_task manual__2025-03-03T17:24:36.651559+00:00 [running]> on host 157237bff8f7
[2025-03-03T17:25:22.989+0000] {taskinstance.py:1662} INFO - Exporting env vars: AIRFLOW_CTX_DAG_OWNER='***' AIRFLOW_CTX_DAG_ID='customer_churn_ml_pipeline' AIRFLOW_CTX_TASK_ID='data_preparation_task' AIRFLOW_CTX_EXECUTION_DATE='2025-03-03T17:24:36.651559+00:00' AIRFLOW_CTX_TRY_NUMBER='1' AIRFLOW_CTX_DAG_RUN_ID='manual__2025-03-03T17:24:36.651559+00:00'
[2025-03-03T17:25:22.990+0000] {subprocess.py:63} INFO - Tmp dir root location: /tmp
[2025-03-03T17:25:22.990+0000] {subprocess.py:75} INFO - Running command: ['/bin/bash', '-c', '\n\t\t\tcd /opt/*** &&\t\t\tpython /opt/***/executables/data_preparation.py &&                         dvc add /opt/***/data/cleaned &&                         git add /opt/***/data/cleaned.dvc && \t\t\tgit add logs && \\   \n\t\t\tgit add visualization &&    \t\t\tgit status &&                         git commit -m "Updated cleaned data version" -a &&                         dvc push && git push\n                    ']
[2025-03-03T17:25:23.000+0000] {subprocess.py:86} INFO - Output:
[2025-03-03T17:25:25.459+0000] {subprocess.py:93} INFO - 2025-03-03 17:25:25,459 : INFO : Starting data preparation for customer_data.csv.
[2025-03-03T17:25:25.483+0000] {subprocess.py:93} INFO - 2025-03-03 17:25:25,483 : INFO : Dropping 'Tenure' less than 0 and greater than 110 * 12
[2025-03-03T17:25:25.487+0000] {subprocess.py:93} INFO - 2025-03-03 17:25:25,486 : INFO : Handling 'Age' empty data
[2025-03-03T17:25:25.488+0000] {subprocess.py:93} INFO - 2025-03-03 17:25:25,487 : INFO : Dropping 'Age' less than 18 and greater than 110
[2025-03-03T17:25:25.490+0000] {subprocess.py:93} INFO - 2025-03-03 17:25:25,490 : INFO : Dropping 'Estimated Salary' & 'Credit Score' with 0 & negative values
[2025-03-03T17:25:25.493+0000] {subprocess.py:93} INFO - 2025-03-03 17:25:25,493 : INFO : Handling 'Balance', 'EstimatedSalary' empty data with mean
[2025-03-03T17:25:25.493+0000] {subprocess.py:93} INFO - 2025-03-03 17:25:25,493 : INFO : Droping 'Surname' as it may lead to profiling, 'RowNumber', 'CustomerId' as it is not required
[2025-03-03T17:25:25.495+0000] {subprocess.py:93} INFO - 2025-03-03 17:25:25,495 : INFO : Making 'Geography', 'Gender', 'HasCrCard', 'IsActiveMember' as categorical
[2025-03-03T17:25:25.503+0000] {subprocess.py:93} INFO - 2025-03-03 17:25:25,503 : INFO : Saving data to S3.
[2025-03-03T17:25:25.503+0000] {subprocess.py:93} INFO - 2025-03-03 17:25:25,503 : INFO : Directory created at /opt/***/data/cleaned/fintech1/03-03-2025/csv
[2025-03-03T17:25:25.780+0000] {subprocess.py:93} INFO - 2025-03-03 17:25:25,780 : INFO : Connected to s3
[2025-03-03T17:25:28.457+0000] {subprocess.py:93} INFO - 2025-03-03 17:25:28,456 : INFO : File uploaded to S3
[2025-03-03T17:25:28.459+0000] {subprocess.py:93} INFO - 2025-03-03 17:25:28,459 : INFO : Creating Pie chart
[2025-03-03T17:25:28.529+0000] {subprocess.py:93} INFO - 2025-03-03 17:25:28,529 : INFO : Generating histogram for column CreditScore.
[2025-03-03T17:25:28.660+0000] {subprocess.py:93} INFO - 2025-03-03 17:25:28,659 : INFO : Generating histogram for column Geography.
[2025-03-03T17:25:28.886+0000] {subprocess.py:93} INFO - 2025-03-03 17:25:28,886 : INFO : Generating histogram for column Gender.
[2025-03-03T17:25:29.070+0000] {subprocess.py:93} INFO - 2025-03-03 17:25:29,069 : INFO : Generating histogram for column Age.
[2025-03-03T17:25:29.291+0000] {subprocess.py:93} INFO - 2025-03-03 17:25:29,291 : INFO : Generating histogram for column Tenure.
[2025-03-03T17:25:29.471+0000] {subprocess.py:93} INFO - 2025-03-03 17:25:29,471 : INFO : Generating histogram for column Balance.
[2025-03-03T17:25:29.647+0000] {subprocess.py:93} INFO - 2025-03-03 17:25:29,646 : INFO : Generating histogram for column NumOfProducts.
[2025-03-03T17:25:29.811+0000] {subprocess.py:93} INFO - 2025-03-03 17:25:29,811 : INFO : Generating histogram for column HasCrCard.
[2025-03-03T17:25:29.998+0000] {subprocess.py:93} INFO - 2025-03-03 17:25:29,997 : INFO : Generating histogram for column IsActiveMember.
[2025-03-03T17:25:30.231+0000] {subprocess.py:93} INFO - 2025-03-03 17:25:30,230 : INFO : Generating histogram for column EstimatedSalary.
[2025-03-03T17:25:30.458+0000] {subprocess.py:93} INFO - 2025-03-03 17:25:30,458 : INFO : Generating histogram for column Exited.
[2025-03-03T17:25:30.674+0000] {subprocess.py:93} INFO - 2025-03-03 17:25:30,674 : INFO : Generating histogram for relation of Exited with Categorical data.
[2025-03-03T17:25:30.993+0000] {subprocess.py:93} INFO - 2025-03-03 17:25:30,992 : INFO : Using categorical units to plot a list of strings that are all parsable as floats or dates. If these strings should be plotted as numbers, cast to the appropriate data type before plotting.
[2025-03-03T17:25:31.008+0000] {subprocess.py:93} INFO - 2025-03-03 17:25:31,008 : INFO : Using categorical units to plot a list of strings that are all parsable as floats or dates. If these strings should be plotted as numbers, cast to the appropriate data type before plotting.
[2025-03-03T17:25:31.075+0000] {subprocess.py:93} INFO - 2025-03-03 17:25:31,075 : INFO : Using categorical units to plot a list of strings that are all parsable as floats or dates. If these strings should be plotted as numbers, cast to the appropriate data type before plotting.
[2025-03-03T17:25:31.090+0000] {subprocess.py:93} INFO - 2025-03-03 17:25:31,090 : INFO : Using categorical units to plot a list of strings that are all parsable as floats or dates. If these strings should be plotted as numbers, cast to the appropriate data type before plotting.
[2025-03-03T17:25:31.136+0000] {subprocess.py:93} INFO - 2025-03-03 17:25:31,136 : INFO : Generating box plots for relation of Exited with non Categorical data.
[2025-03-03T17:25:31.302+0000] {subprocess.py:93} INFO - 2025-03-03 17:25:31,302 : INFO : Using categorical units to plot a list of strings that are all parsable as floats or dates. If these strings should be plotted as numbers, cast to the appropriate data type before plotting.
[2025-03-03T17:25:31.325+0000] {subprocess.py:93} INFO - 2025-03-03 17:25:31,320 : INFO : Using categorical units to plot a list of strings that are all parsable as floats or dates. If these strings should be plotted as numbers, cast to the appropriate data type before plotting.
[2025-03-03T17:25:31.443+0000] {subprocess.py:93} INFO - 2025-03-03 17:25:31,443 : INFO : Using categorical units to plot a list of strings that are all parsable as floats or dates. If these strings should be plotted as numbers, cast to the appropriate data type before plotting.
[2025-03-03T17:25:31.470+0000] {subprocess.py:93} INFO - 2025-03-03 17:25:31,470 : INFO : Using categorical units to plot a list of strings that are all parsable as floats or dates. If these strings should be plotted as numbers, cast to the appropriate data type before plotting.
[2025-03-03T17:25:31.576+0000] {subprocess.py:93} INFO - 2025-03-03 17:25:31,576 : INFO : Using categorical units to plot a list of strings that are all parsable as floats or dates. If these strings should be plotted as numbers, cast to the appropriate data type before plotting.
[2025-03-03T17:25:31.593+0000] {subprocess.py:93} INFO - 2025-03-03 17:25:31,593 : INFO : Using categorical units to plot a list of strings that are all parsable as floats or dates. If these strings should be plotted as numbers, cast to the appropriate data type before plotting.
[2025-03-03T17:25:31.681+0000] {subprocess.py:93} INFO - 2025-03-03 17:25:31,680 : INFO : Using categorical units to plot a list of strings that are all parsable as floats or dates. If these strings should be plotted as numbers, cast to the appropriate data type before plotting.
[2025-03-03T17:25:31.698+0000] {subprocess.py:93} INFO - 2025-03-03 17:25:31,698 : INFO : Using categorical units to plot a list of strings that are all parsable as floats or dates. If these strings should be plotted as numbers, cast to the appropriate data type before plotting.
[2025-03-03T17:25:31.785+0000] {subprocess.py:93} INFO - 2025-03-03 17:25:31,785 : INFO : Using categorical units to plot a list of strings that are all parsable as floats or dates. If these strings should be plotted as numbers, cast to the appropriate data type before plotting.
[2025-03-03T17:25:31.801+0000] {subprocess.py:93} INFO - 2025-03-03 17:25:31,801 : INFO : Using categorical units to plot a list of strings that are all parsable as floats or dates. If these strings should be plotted as numbers, cast to the appropriate data type before plotting.
[2025-03-03T17:25:31.985+0000] {subprocess.py:93} INFO - 2025-03-03 17:25:31,984 : INFO : Using categorical units to plot a list of strings that are all parsable as floats or dates. If these strings should be plotted as numbers, cast to the appropriate data type before plotting.
[2025-03-03T17:25:32.002+0000] {subprocess.py:93} INFO - 2025-03-03 17:25:32,002 : INFO : Using categorical units to plot a list of strings that are all parsable as floats or dates. If these strings should be plotted as numbers, cast to the appropriate data type before plotting.
[2025-03-03T17:25:32.408+0000] {subprocess.py:93} INFO - 2025-03-03 17:25:32,408 : INFO : Saved pdf in /opt/***/visualization/fintech1/03-03-2025/csv/plots.pdf
[2025-03-03T17:25:32.453+0000] {subprocess.py:93} INFO - 2025-03-03 17:25:32,452 : INFO : Starting data preparation for database_data.csv.
[2025-03-03T17:25:32.474+0000] {subprocess.py:93} INFO - 2025-03-03 17:25:32,473 : INFO : Dropping 'Tenure' less than 0 and greater than 110 * 12
[2025-03-03T17:25:32.477+0000] {subprocess.py:93} INFO - 2025-03-03 17:25:32,476 : INFO : Handling 'Age' empty data
[2025-03-03T17:25:32.478+0000] {subprocess.py:93} INFO - 2025-03-03 17:25:32,477 : INFO : Dropping 'Age' less than 18 and greater than 110
[2025-03-03T17:25:32.480+0000] {subprocess.py:93} INFO - 2025-03-03 17:25:32,480 : INFO : Dropping 'Estimated Salary' & 'Credit Score' with 0 & negative values
[2025-03-03T17:25:32.483+0000] {subprocess.py:93} INFO - 2025-03-03 17:25:32,482 : INFO : Handling 'Balance', 'EstimatedSalary' empty data with mean
[2025-03-03T17:25:32.483+0000] {subprocess.py:93} INFO - 2025-03-03 17:25:32,483 : INFO : Droping 'Surname' as it may lead to profiling, 'RowNumber', 'CustomerId' as it is not required
[2025-03-03T17:25:32.484+0000] {subprocess.py:93} INFO - 2025-03-03 17:25:32,484 : INFO : Making 'Geography', 'Gender', 'HasCrCard', 'IsActiveMember' as categorical
[2025-03-03T17:25:32.497+0000] {subprocess.py:93} INFO - 2025-03-03 17:25:32,496 : INFO : Saving data to S3.
[2025-03-03T17:25:32.498+0000] {subprocess.py:93} INFO - 2025-03-03 17:25:32,498 : INFO : Directory created at /opt/***/data/cleaned/fintech2/03-03-2025/database
[2025-03-03T17:25:32.576+0000] {subprocess.py:93} INFO - 2025-03-03 17:25:32,576 : INFO : Connected to s3
[2025-03-03T17:25:35.163+0000] {subprocess.py:93} INFO - 2025-03-03 17:25:35,163 : INFO : File uploaded to S3
[2025-03-03T17:25:35.166+0000] {subprocess.py:93} INFO - 2025-03-03 17:25:35,166 : INFO : Creating Pie chart
[2025-03-03T17:25:35.216+0000] {subprocess.py:93} INFO - 2025-03-03 17:25:35,216 : INFO : Generating histogram for column CreditScore.
[2025-03-03T17:25:35.302+0000] {subprocess.py:93} INFO - 2025-03-03 17:25:35,302 : INFO : Generating histogram for column Geography.
[2025-03-03T17:25:35.380+0000] {subprocess.py:93} INFO - 2025-03-03 17:25:35,380 : INFO : Generating histogram for column Gender.
[2025-03-03T17:25:35.469+0000] {subprocess.py:93} INFO - 2025-03-03 17:25:35,469 : INFO : Generating histogram for column Age.
[2025-03-03T17:25:35.575+0000] {subprocess.py:93} INFO - 2025-03-03 17:25:35,575 : INFO : Generating histogram for column Tenure.
[2025-03-03T17:25:35.690+0000] {subprocess.py:93} INFO - 2025-03-03 17:25:35,690 : INFO : Generating histogram for column Balance.
[2025-03-03T17:25:35.834+0000] {subprocess.py:93} INFO - 2025-03-03 17:25:35,833 : INFO : Generating histogram for column NumOfProducts.
[2025-03-03T17:25:35.977+0000] {subprocess.py:93} INFO - 2025-03-03 17:25:35,977 : INFO : Generating histogram for column HasCrCard.
[2025-03-03T17:25:36.029+0000] {subprocess.py:93} INFO - <__array_function__ internals>:200: RuntimeWarning: Converting input from bool to <class 'numpy.uint8'> for compatibility.
[2025-03-03T17:25:36.029+0000] {subprocess.py:93} INFO - 2025-03-03 17:25:36,029 : ERROR : Error in creating reportnumpy boolean subtract, the `-` operator, is not supported, use the bitwise_xor, the `^` operator, or the logical_xor function instead.
[2025-03-03T17:25:36.029+0000] {subprocess.py:93} INFO - 2025-03-03 17:25:36,029 : ERROR : Error in preparing datanumpy boolean subtract, the `-` operator, is not supported, use the bitwise_xor, the `^` operator, or the logical_xor function instead.
[2025-03-03T17:25:36.041+0000] {subprocess.py:93} INFO - Traceback (most recent call last):
[2025-03-03T17:25:36.041+0000] {subprocess.py:93} INFO -   File "/home/***/.local/lib/python3.8/site-packages/numpy/lib/histograms.py", line 351, in _unsigned_subtract
[2025-03-03T17:25:36.042+0000] {subprocess.py:93} INFO -     dt = signed_to_unsigned[dt.type]
[2025-03-03T17:25:36.042+0000] {subprocess.py:93} INFO - KeyError: <class 'numpy.bool_'>
[2025-03-03T17:25:36.042+0000] {subprocess.py:93} INFO - 
[2025-03-03T17:25:36.042+0000] {subprocess.py:93} INFO - During handling of the above exception, another exception occurred:
[2025-03-03T17:25:36.042+0000] {subprocess.py:93} INFO - 
[2025-03-03T17:25:36.042+0000] {subprocess.py:93} INFO - Traceback (most recent call last):
[2025-03-03T17:25:36.043+0000] {subprocess.py:93} INFO -   File "/opt/***/executables/data_preparation.py", line 149, in <module>
[2025-03-03T17:25:36.043+0000] {subprocess.py:93} INFO -     prepare_data("database_data.csv", "database", "fintech2", "database_data.csv")
[2025-03-03T17:25:36.043+0000] {subprocess.py:93} INFO -   File "/opt/***/executables/data_preparation.py", line 92, in prepare_data
[2025-03-03T17:25:36.043+0000] {subprocess.py:93} INFO -     raise e
[2025-03-03T17:25:36.043+0000] {subprocess.py:93} INFO -   File "/opt/***/executables/data_preparation.py", line 89, in prepare_data
[2025-03-03T17:25:36.043+0000] {subprocess.py:93} INFO -     generate_report(df, source, type)
[2025-03-03T17:25:36.044+0000] {subprocess.py:93} INFO -   File "/opt/***/executables/data_preparation.py", line 144, in generate_report
[2025-03-03T17:25:36.044+0000] {subprocess.py:93} INFO -     raise e
[2025-03-03T17:25:36.044+0000] {subprocess.py:93} INFO -   File "/opt/***/executables/data_preparation.py", line 114, in generate_report
[2025-03-03T17:25:36.044+0000] {subprocess.py:93} INFO -     plt.hist(data[column], bins=20, alpha=0.7, color='b', edgecolor='black')
[2025-03-03T17:25:36.044+0000] {subprocess.py:93} INFO -   File "/home/***/.local/lib/python3.8/site-packages/matplotlib/pyplot.py", line 2645, in hist
[2025-03-03T17:25:36.045+0000] {subprocess.py:93} INFO -     return gca().hist(
[2025-03-03T17:25:36.045+0000] {subprocess.py:93} INFO -   File "/home/***/.local/lib/python3.8/site-packages/matplotlib/__init__.py", line 1446, in inner
[2025-03-03T17:25:36.045+0000] {subprocess.py:93} INFO -     return func(ax, *map(sanitize_sequence, args), **kwargs)
[2025-03-03T17:25:36.045+0000] {subprocess.py:93} INFO -   File "/home/***/.local/lib/python3.8/site-packages/matplotlib/axes/_axes.py", line 6791, in hist
[2025-03-03T17:25:36.045+0000] {subprocess.py:93} INFO -     m, bins = np.histogram(x[i], bins, weights=w[i], **hist_kwargs)
[2025-03-03T17:25:36.046+0000] {subprocess.py:93} INFO -   File "<__array_function__ internals>", line 200, in histogram
[2025-03-03T17:25:36.046+0000] {subprocess.py:93} INFO -   File "/home/***/.local/lib/python3.8/site-packages/numpy/lib/histograms.py", line 810, in histogram
[2025-03-03T17:25:36.046+0000] {subprocess.py:93} INFO -     norm = n_equal_bins / _unsigned_subtract(last_edge, first_edge)
[2025-03-03T17:25:36.046+0000] {subprocess.py:93} INFO -   File "/home/***/.local/lib/python3.8/site-packages/numpy/lib/histograms.py", line 353, in _unsigned_subtract
[2025-03-03T17:25:36.046+0000] {subprocess.py:93} INFO -     return np.subtract(a, b, dtype=dt)
[2025-03-03T17:25:36.046+0000] {subprocess.py:93} INFO - TypeError: numpy boolean subtract, the `-` operator, is not supported, use the bitwise_xor, the `^` operator, or the logical_xor function instead.
[2025-03-03T17:25:36.506+0000] {subprocess.py:93} INFO - On branch main
[2025-03-03T17:25:36.506+0000] {subprocess.py:93} INFO - Your branch is up to date with 'origin/main'.
[2025-03-03T17:25:36.507+0000] {subprocess.py:93} INFO - 
[2025-03-03T17:25:36.507+0000] {subprocess.py:93} INFO - Changes to be committed:
[2025-03-03T17:25:36.507+0000] {subprocess.py:93} INFO -   (use "git restore --staged <file>..." to unstage)
[2025-03-03T17:25:36.507+0000] {subprocess.py:93} INFO - 	modified:   visualization/fintech1/03-03-2025/csv/plots.pdf
[2025-03-03T17:25:36.507+0000] {subprocess.py:93} INFO - 	new file:   visualization/fintech2/03-03-2025/database/plots.pdf
[2025-03-03T17:25:36.507+0000] {subprocess.py:93} INFO - 
[2025-03-03T17:25:36.508+0000] {subprocess.py:93} INFO - Changes not staged for commit:
[2025-03-03T17:25:36.508+0000] {subprocess.py:93} INFO -   (use "git add <file>..." to update what will be committed)
[2025-03-03T17:25:36.508+0000] {subprocess.py:93} INFO -   (use "git restore <file>..." to discard changes in working directory)
[2025-03-03T17:25:36.508+0000] {subprocess.py:93} INFO - 	modified:   logs/dag_id=customer_churn_ml_pipeline/run_id=manual__2025-03-03T17:24:36.651559+00:00/task_id=data_validation_task/attempt=1.log
[2025-03-03T17:25:36.508+0000] {subprocess.py:93} INFO - 	modified:   logs/dag_processor_manager/dag_processor_manager.log
[2025-03-03T17:25:36.508+0000] {subprocess.py:93} INFO - 	modified:   logs/data_preparation.log
[2025-03-03T17:25:36.509+0000] {subprocess.py:93} INFO - 	modified:   logs/scheduler/2025-03-03/customer_churn.py.log
[2025-03-03T17:25:36.509+0000] {subprocess.py:93} INFO - 
[2025-03-03T17:25:36.509+0000] {subprocess.py:93} INFO - Untracked files:
[2025-03-03T17:25:36.509+0000] {subprocess.py:93} INFO -   (use "git add <file>..." to include in what will be committed)
[2025-03-03T17:25:36.509+0000] {subprocess.py:93} INFO - 	customer_churn_stats/feature_repo/data/online_store.db
[2025-03-03T17:25:36.509+0000] {subprocess.py:93} INFO - 	customer_churn_stats/feature_repo/data/registry.db
[2025-03-03T17:25:36.510+0000] {subprocess.py:93} INFO - 	logs/dag_id=customer_churn_ml_pipeline/run_id=manual__2025-03-03T17:24:36.651559+00:00/task_id=data_preparation_task/
[2025-03-03T17:25:36.510+0000] {subprocess.py:93} INFO - 	models/
[2025-03-03T17:25:36.510+0000] {subprocess.py:93} INFO - 	online.db
[2025-03-03T17:25:36.510+0000] {subprocess.py:93} INFO - 
[2025-03-03T17:25:36.621+0000] {subprocess.py:93} INFO - [main aaf6fec] Updated cleaned data version
[2025-03-03T17:25:36.622+0000] {subprocess.py:93} INFO -  6 files changed, 93 insertions(+)
[2025-03-03T17:25:36.622+0000] {subprocess.py:93} INFO -  create mode 100644 visualization/fintech2/03-03-2025/database/plots.pdf
[2025-03-03T17:25:40.926+0000] {subprocess.py:93} INFO - Everything is up to date.
[2025-03-03T17:25:42.947+0000] {subprocess.py:93} INFO - To https://github.com/anniemathew-trial/customer_churn_pipeline.git
[2025-03-03T17:25:42.948+0000] {subprocess.py:93} INFO -    026915b..aaf6fec  main -> main
[2025-03-03T17:25:42.960+0000] {subprocess.py:97} INFO - Command exited with return code 0
[2025-03-03T17:25:42.994+0000] {taskinstance.py:1400} INFO - Marking task as SUCCESS. dag_id=customer_churn_ml_pipeline, task_id=data_preparation_task, execution_date=20250303T172436, start_date=20250303T172522, end_date=20250303T172542
[2025-03-03T17:25:43.014+0000] {local_task_job_runner.py:228} INFO - Task exited with return code 0
[2025-03-03T17:25:43.046+0000] {taskinstance.py:2778} INFO - 1 downstream tasks scheduled from follow-on schedule check
