[2025-03-02T13:18:44.328+0000] {taskinstance.py:1159} INFO - Dependencies all met for dep_context=non-requeueable deps ti=<TaskInstance: customer_churn_ml_pipeline.feature_store_task manual__2025-03-02T13:16:50.520829+00:00 [queued]>
[2025-03-02T13:18:44.339+0000] {taskinstance.py:1159} INFO - Dependencies all met for dep_context=requeueable deps ti=<TaskInstance: customer_churn_ml_pipeline.feature_store_task manual__2025-03-02T13:16:50.520829+00:00 [queued]>
[2025-03-02T13:18:44.340+0000] {taskinstance.py:1361} INFO - Starting attempt 1 of 1
[2025-03-02T13:18:44.358+0000] {taskinstance.py:1382} INFO - Executing <Task(BashOperator): feature_store_task> on 2025-03-02 13:16:50.520829+00:00
[2025-03-02T13:18:44.366+0000] {standard_task_runner.py:57} INFO - Started process 20929 to run task
[2025-03-02T13:18:44.372+0000] {standard_task_runner.py:84} INFO - Running: ['***', 'tasks', 'run', 'customer_churn_ml_pipeline', 'feature_store_task', 'manual__2025-03-02T13:16:50.520829+00:00', '--job-id', '275', '--raw', '--subdir', 'DAGS_FOLDER/customer_churn.py', '--cfg-path', '/tmp/tmp7ghxmnrf']
[2025-03-02T13:18:44.377+0000] {standard_task_runner.py:85} INFO - Job 275: Subtask feature_store_task
[2025-03-02T13:18:44.420+0000] {logging_mixin.py:154} WARNING - /home/***/.local/lib/python3.8/site-packages/***/settings.py:195 DeprecationWarning: The sql_alchemy_conn option in [core] has been moved to the sql_alchemy_conn option in [database] - the old setting has been used, but please update your config.
[2025-03-02T13:18:44.493+0000] {task_command.py:416} INFO - Running <TaskInstance: customer_churn_ml_pipeline.feature_store_task manual__2025-03-02T13:16:50.520829+00:00 [running]> on host 9113a5746a05
[2025-03-02T13:18:44.631+0000] {taskinstance.py:1662} INFO - Exporting env vars: AIRFLOW_CTX_DAG_OWNER='***' AIRFLOW_CTX_DAG_ID='customer_churn_ml_pipeline' AIRFLOW_CTX_TASK_ID='feature_store_task' AIRFLOW_CTX_EXECUTION_DATE='2025-03-02T13:16:50.520829+00:00' AIRFLOW_CTX_TRY_NUMBER='1' AIRFLOW_CTX_DAG_RUN_ID='manual__2025-03-02T13:16:50.520829+00:00'
[2025-03-02T13:18:44.632+0000] {subprocess.py:63} INFO - Tmp dir root location: /tmp
[2025-03-02T13:18:44.633+0000] {subprocess.py:75} INFO - Running command: ['/bin/bash', '-c', '\n\t\t\tcd /opt/***/customer_churn_stats/feature_repo &&                         feast apply &&                         feast materialize-incremental $(date -u +\'%Y-%m-%dT%H:%M:%S\') &&       \t\t\tgit add /opt/***/logs\n   \t\t\tgit status &&                         git commit -m "Updated feature store" -a &&                         git push\n                    ']
[2025-03-02T13:18:44.642+0000] {subprocess.py:86} INFO - Output:
[2025-03-02T13:18:51.781+0000] {subprocess.py:93} INFO - Traceback (most recent call last):
[2025-03-02T13:18:51.783+0000] {subprocess.py:93} INFO -   File "/home/***/.local/lib/python3.8/site-packages/feast/infra/registry/registry.py", line 231, in _initialize_registry
[2025-03-02T13:18:51.784+0000] {subprocess.py:93} INFO -     self._get_registry_proto(project=project)
[2025-03-02T13:18:51.784+0000] {subprocess.py:93} INFO -   File "/home/***/.local/lib/python3.8/site-packages/feast/infra/registry/registry.py", line 856, in _get_registry_proto
[2025-03-02T13:18:51.785+0000] {subprocess.py:93} INFO -     registry_proto = self._registry_store.get_registry_proto()
[2025-03-02T13:18:51.786+0000] {subprocess.py:93} INFO -   File "/home/***/.local/lib/python3.8/site-packages/feast/usage.py", line 299, in wrapper
[2025-03-02T13:18:51.787+0000] {subprocess.py:93} INFO -     raise exc.with_traceback(traceback)
[2025-03-02T13:18:51.788+0000] {subprocess.py:93} INFO -   File "/home/***/.local/lib/python3.8/site-packages/feast/usage.py", line 288, in wrapper
[2025-03-02T13:18:51.789+0000] {subprocess.py:93} INFO -     return func(*args, **kwargs)
[2025-03-02T13:18:51.789+0000] {subprocess.py:93} INFO -   File "/home/***/.local/lib/python3.8/site-packages/feast/infra/registry/file.py", line 25, in get_registry_proto
[2025-03-02T13:18:51.790+0000] {subprocess.py:93} INFO -     raise FileNotFoundError(
[2025-03-02T13:18:51.790+0000] {subprocess.py:93} INFO - FileNotFoundError: Registry not found at path "/path/to/registry.db". Have you run "feast apply"?
[2025-03-02T13:18:51.791+0000] {subprocess.py:93} INFO - 
[2025-03-02T13:18:51.792+0000] {subprocess.py:93} INFO - During handling of the above exception, another exception occurred:
[2025-03-02T13:18:51.792+0000] {subprocess.py:93} INFO - 
[2025-03-02T13:18:51.793+0000] {subprocess.py:93} INFO - Traceback (most recent call last):
[2025-03-02T13:18:51.793+0000] {subprocess.py:93} INFO -   File "/home/***/.local/bin/feast", line 8, in <module>
[2025-03-02T13:18:51.794+0000] {subprocess.py:93} INFO -     sys.exit(cli())
[2025-03-02T13:18:51.794+0000] {subprocess.py:93} INFO -   File "/home/***/.local/lib/python3.8/site-packages/click/core.py", line 1157, in __call__
[2025-03-02T13:18:51.795+0000] {subprocess.py:93} INFO -     return self.main(*args, **kwargs)
[2025-03-02T13:18:51.796+0000] {subprocess.py:93} INFO -   File "/home/***/.local/lib/python3.8/site-packages/click/core.py", line 1078, in main
[2025-03-02T13:18:51.796+0000] {subprocess.py:93} INFO -     rv = self.invoke(ctx)
[2025-03-02T13:18:51.797+0000] {subprocess.py:93} INFO -   File "/home/***/.local/lib/python3.8/site-packages/click/core.py", line 1688, in invoke
[2025-03-02T13:18:51.798+0000] {subprocess.py:93} INFO -     return _process_result(sub_ctx.command.invoke(sub_ctx))
[2025-03-02T13:18:51.798+0000] {subprocess.py:93} INFO -   File "/home/***/.local/lib/python3.8/site-packages/click/core.py", line 1434, in invoke
[2025-03-02T13:18:51.799+0000] {subprocess.py:93} INFO -     return ctx.invoke(self.callback, **ctx.params)
[2025-03-02T13:18:51.799+0000] {subprocess.py:93} INFO -   File "/home/***/.local/lib/python3.8/site-packages/click/core.py", line 783, in invoke
[2025-03-02T13:18:51.800+0000] {subprocess.py:93} INFO -     return __callback(*args, **kwargs)
[2025-03-02T13:18:51.801+0000] {subprocess.py:93} INFO -   File "/home/***/.local/lib/python3.8/site-packages/click/decorators.py", line 33, in new_func
[2025-03-02T13:18:51.801+0000] {subprocess.py:93} INFO -     return f(get_current_context(), *args, **kwargs)
[2025-03-02T13:18:51.802+0000] {subprocess.py:93} INFO -   File "/home/***/.local/lib/python3.8/site-packages/feast/cli.py", line 491, in apply_total_command
[2025-03-02T13:18:51.803+0000] {subprocess.py:93} INFO -     apply_total(repo_config, repo, skip_source_validation)
[2025-03-02T13:18:51.804+0000] {subprocess.py:93} INFO -   File "/home/***/.local/lib/python3.8/site-packages/feast/usage.py", line 288, in wrapper
[2025-03-02T13:18:51.804+0000] {subprocess.py:93} INFO -     return func(*args, **kwargs)
[2025-03-02T13:18:51.805+0000] {subprocess.py:93} INFO -   File "/home/***/.local/lib/python3.8/site-packages/feast/repo_operations.py", line 357, in apply_total
[2025-03-02T13:18:51.806+0000] {subprocess.py:93} INFO -     project, registry, repo, store = _prepare_registry_and_repo(repo_config, repo_path)
[2025-03-02T13:18:51.806+0000] {subprocess.py:93} INFO -   File "/home/***/.local/lib/python3.8/site-packages/feast/repo_operations.py", line 226, in _prepare_registry_and_repo
[2025-03-02T13:18:51.807+0000] {subprocess.py:93} INFO -     store = FeatureStore(config=repo_config)
[2025-03-02T13:18:51.807+0000] {subprocess.py:93} INFO -   File "/home/***/.local/lib/python3.8/site-packages/feast/usage.py", line 342, in wrapper
[2025-03-02T13:18:51.808+0000] {subprocess.py:93} INFO -     return func(*args, **kwargs)
[2025-03-02T13:18:51.809+0000] {subprocess.py:93} INFO -   File "/home/***/.local/lib/python3.8/site-packages/feast/feature_store.py", line 169, in __init__
[2025-03-02T13:18:51.809+0000] {subprocess.py:93} INFO -     r._initialize_registry(self.config.project)
[2025-03-02T13:18:51.810+0000] {subprocess.py:93} INFO -   File "/home/***/.local/lib/python3.8/site-packages/feast/infra/registry/registry.py", line 236, in _initialize_registry
[2025-03-02T13:18:51.810+0000] {subprocess.py:93} INFO -     self._registry_store.update_registry_proto(registry_proto)
[2025-03-02T13:18:51.811+0000] {subprocess.py:93} INFO -   File "/home/***/.local/lib/python3.8/site-packages/feast/usage.py", line 288, in wrapper
[2025-03-02T13:18:51.812+0000] {subprocess.py:93} INFO -     return func(*args, **kwargs)
[2025-03-02T13:18:51.812+0000] {subprocess.py:93} INFO -   File "/home/***/.local/lib/python3.8/site-packages/feast/infra/registry/file.py", line 31, in update_registry_proto
[2025-03-02T13:18:51.813+0000] {subprocess.py:93} INFO -     self._write_registry(registry_proto)
[2025-03-02T13:18:51.814+0000] {subprocess.py:93} INFO -   File "/home/***/.local/lib/python3.8/site-packages/feast/infra/registry/file.py", line 45, in _write_registry
[2025-03-02T13:18:51.814+0000] {subprocess.py:93} INFO -     file_dir.mkdir(exist_ok=True)
[2025-03-02T13:18:51.815+0000] {subprocess.py:93} INFO -   File "/usr/local/lib/python3.8/pathlib.py", line 1288, in mkdir
[2025-03-02T13:18:51.816+0000] {subprocess.py:93} INFO -     self._accessor.mkdir(self, mode)
[2025-03-02T13:18:51.816+0000] {subprocess.py:93} INFO - FileNotFoundError: [Errno 2] No such file or directory: '/path/to'
[2025-03-02T13:18:52.203+0000] {subprocess.py:93} INFO - On branch main
[2025-03-02T13:18:52.203+0000] {subprocess.py:93} INFO - Your branch is up to date with 'origin/main'.
[2025-03-02T13:18:52.203+0000] {subprocess.py:93} INFO - 
[2025-03-02T13:18:52.204+0000] {subprocess.py:93} INFO - Changes not staged for commit:
[2025-03-02T13:18:52.204+0000] {subprocess.py:93} INFO -   (use "git add <file>..." to update what will be committed)
[2025-03-02T13:18:52.204+0000] {subprocess.py:93} INFO -   (use "git restore <file>..." to discard changes in working directory)
[2025-03-02T13:18:52.204+0000] {subprocess.py:93} INFO - 	modified:   ../../logs/dag_id=customer_churn_ml_pipeline/run_id=manual__2025-03-02T13:16:50.520829+00:00/task_id=data_storage_task/attempt=1.log
[2025-03-02T13:18:52.204+0000] {subprocess.py:93} INFO - 	modified:   ../../logs/scheduler/2025-03-02/customer_churn.py.log
[2025-03-02T13:18:52.205+0000] {subprocess.py:93} INFO - 
[2025-03-02T13:18:52.205+0000] {subprocess.py:93} INFO - Untracked files:
[2025-03-02T13:18:52.205+0000] {subprocess.py:93} INFO -   (use "git add <file>..." to include in what will be committed)
[2025-03-02T13:18:52.205+0000] {subprocess.py:93} INFO - 	../README.md
[2025-03-02T13:18:52.206+0000] {subprocess.py:93} INFO - 	__pycache__/example_repo.cpython-38.pyc
[2025-03-02T13:18:52.206+0000] {subprocess.py:93} INFO - 	__pycache__/test_workflow.cpython-38.pyc
[2025-03-02T13:18:52.206+0000] {subprocess.py:93} INFO - 	../../logs/dag_id=customer_churn_ml_pipeline/run_id=manual__2025-03-02T13:16:50.520829+00:00/task_id=feature_store_task/
[2025-03-02T13:18:52.206+0000] {subprocess.py:93} INFO - 
[2025-03-02T13:18:52.206+0000] {subprocess.py:93} INFO - no changes added to commit (use "git add" and/or "git commit -a")
[2025-03-02T13:18:52.251+0000] {subprocess.py:93} INFO - [main 7fa8cfe] Updated feature store
[2025-03-02T13:18:52.251+0000] {subprocess.py:93} INFO -  2 files changed, 17 insertions(+)
[2025-03-02T13:18:54.140+0000] {subprocess.py:93} INFO - To https://github.com/anniemathew-trial/customer_churn_pipeline.git
[2025-03-02T13:18:54.141+0000] {subprocess.py:93} INFO -    c4571c5..7fa8cfe  main -> main
[2025-03-02T13:18:54.155+0000] {subprocess.py:97} INFO - Command exited with return code 0
[2025-03-02T13:18:54.216+0000] {taskinstance.py:1400} INFO - Marking task as SUCCESS. dag_id=customer_churn_ml_pipeline, task_id=feature_store_task, execution_date=20250302T131650, start_date=20250302T131844, end_date=20250302T131854
[2025-03-02T13:18:54.274+0000] {local_task_job_runner.py:228} INFO - Task exited with return code 0
[2025-03-02T13:18:54.361+0000] {taskinstance.py:2778} INFO - 1 downstream tasks scheduled from follow-on schedule check
