[2025-03-03T21:14:06.951+0000] {taskinstance.py:1159} INFO - Dependencies all met for dep_context=non-requeueable deps ti=<TaskInstance: customer_churn_ml_pipeline.data_preparation_task manual__2025-03-03T21:13:14.978853+00:00 [queued]>
[2025-03-03T21:14:06.964+0000] {taskinstance.py:1159} INFO - Dependencies all met for dep_context=requeueable deps ti=<TaskInstance: customer_churn_ml_pipeline.data_preparation_task manual__2025-03-03T21:13:14.978853+00:00 [queued]>
[2025-03-03T21:14:06.964+0000] {taskinstance.py:1361} INFO - Starting attempt 1 of 1
[2025-03-03T21:14:06.981+0000] {taskinstance.py:1382} INFO - Executing <Task(BashOperator): data_preparation_task> on 2025-03-03 21:13:14.978853+00:00
[2025-03-03T21:14:06.985+0000] {standard_task_runner.py:57} INFO - Started process 1298 to run task
[2025-03-03T21:14:06.988+0000] {standard_task_runner.py:84} INFO - Running: ['***', 'tasks', 'run', 'customer_churn_ml_pipeline', 'data_preparation_task', 'manual__2025-03-03T21:13:14.978853+00:00', '--job-id', '184', '--raw', '--subdir', 'DAGS_FOLDER/customer_churn.py', '--cfg-path', '/tmp/tmpm6i4qxt3']
[2025-03-03T21:14:06.991+0000] {standard_task_runner.py:85} INFO - Job 184: Subtask data_preparation_task
[2025-03-03T21:14:07.015+0000] {logging_mixin.py:154} WARNING - /home/***/.local/lib/python3.8/site-packages/***/settings.py:195 DeprecationWarning: The sql_alchemy_conn option in [core] has been moved to the sql_alchemy_conn option in [database] - the old setting has been used, but please update your config.
[2025-03-03T21:14:07.074+0000] {task_command.py:416} INFO - Running <TaskInstance: customer_churn_ml_pipeline.data_preparation_task manual__2025-03-03T21:13:14.978853+00:00 [running]> on host 157237bff8f7
[2025-03-03T21:14:07.205+0000] {taskinstance.py:1662} INFO - Exporting env vars: AIRFLOW_CTX_DAG_OWNER='***' AIRFLOW_CTX_DAG_ID='customer_churn_ml_pipeline' AIRFLOW_CTX_TASK_ID='data_preparation_task' AIRFLOW_CTX_EXECUTION_DATE='2025-03-03T21:13:14.978853+00:00' AIRFLOW_CTX_TRY_NUMBER='1' AIRFLOW_CTX_DAG_RUN_ID='manual__2025-03-03T21:13:14.978853+00:00'
[2025-03-03T21:14:07.207+0000] {subprocess.py:63} INFO - Tmp dir root location: /tmp
[2025-03-03T21:14:07.208+0000] {subprocess.py:75} INFO - Running command: ['/bin/bash', '-c', '\n\t\t\tcd /opt/*** &&\t\t\tpython /opt/***/executables/data_preparation.py &&                         dvc add /opt/***/data/cleaned &&                         git add /opt/***/data/cleaned.dvc && \t\t\tgit add logs && \\   \n\t\t\tgit add visualization &&    \t\t\tgit status &&                         git commit -m "Updated cleaned data version" -a &&                         dvc push && git push\n                    ']
[2025-03-03T21:14:07.216+0000] {subprocess.py:86} INFO - Output:
[2025-03-03T21:14:09.957+0000] {subprocess.py:93} INFO - 2025-03-03 21:14:09,955 : INFO : Starting data preparation for customer_data.csv.
[2025-03-03T21:14:09.995+0000] {subprocess.py:93} INFO - 2025-03-03 21:14:09,995 : INFO : Dropping 'Tenure' less than 0 and greater than 110 * 12
[2025-03-03T21:14:10.002+0000] {subprocess.py:93} INFO - 2025-03-03 21:14:10,001 : INFO : Handling 'Age' empty data
[2025-03-03T21:14:10.005+0000] {subprocess.py:93} INFO - 2025-03-03 21:14:10,004 : INFO : Dropping 'Age' less than 18 and greater than 110
[2025-03-03T21:14:10.011+0000] {subprocess.py:93} INFO - 2025-03-03 21:14:10,011 : INFO : Dropping 'Estimated Salary' & 'Credit Score' with 0 & negative values
[2025-03-03T21:14:10.015+0000] {subprocess.py:93} INFO - 2025-03-03 21:14:10,014 : INFO : Handling 'Balance', 'EstimatedSalary' empty data with mean
[2025-03-03T21:14:10.015+0000] {subprocess.py:93} INFO - 2025-03-03 21:14:10,015 : INFO : Droping 'Surname' as it may lead to profiling, 'RowNumber', 'CustomerId' as it is not required
[2025-03-03T21:14:10.018+0000] {subprocess.py:93} INFO - 2025-03-03 21:14:10,018 : INFO : Making 'Geography', 'Gender', 'HasCrCard', 'IsActiveMember' as categorical
[2025-03-03T21:14:10.037+0000] {subprocess.py:93} INFO - 2025-03-03 21:14:10,037 : INFO : Saving data to S3.
[2025-03-03T21:14:10.038+0000] {subprocess.py:93} INFO - 2025-03-03 21:14:10,037 : INFO : Directory created at /opt/***/data/cleaned/fintech1/03-03-2025/csv
[2025-03-03T21:14:10.412+0000] {subprocess.py:93} INFO - 2025-03-03 21:14:10,412 : INFO : Connected to s3
[2025-03-03T21:14:13.224+0000] {subprocess.py:93} INFO - 2025-03-03 21:14:13,224 : INFO : File uploaded to S3
[2025-03-03T21:14:13.226+0000] {subprocess.py:93} INFO - 2025-03-03 21:14:13,225 : INFO : Creating Pie chart
[2025-03-03T21:14:13.293+0000] {subprocess.py:93} INFO - 2025-03-03 21:14:13,293 : INFO : Generating histogram for column CreditScore.
[2025-03-03T21:14:13.447+0000] {subprocess.py:93} INFO - 2025-03-03 21:14:13,447 : INFO : Generating histogram for column Geography.
[2025-03-03T21:14:13.651+0000] {subprocess.py:93} INFO - 2025-03-03 21:14:13,650 : INFO : Generating histogram for column Gender.
[2025-03-03T21:14:13.748+0000] {subprocess.py:93} INFO - 2025-03-03 21:14:13,748 : INFO : Generating histogram for column Age.
[2025-03-03T21:14:13.889+0000] {subprocess.py:93} INFO - 2025-03-03 21:14:13,889 : INFO : Generating histogram for column Tenure.
[2025-03-03T21:14:14.047+0000] {subprocess.py:93} INFO - 2025-03-03 21:14:14,046 : INFO : Generating histogram for column Balance.
[2025-03-03T21:14:14.243+0000] {subprocess.py:93} INFO - 2025-03-03 21:14:14,243 : INFO : Generating histogram for column NumOfProducts.
[2025-03-03T21:14:14.433+0000] {subprocess.py:93} INFO - 2025-03-03 21:14:14,432 : INFO : Generating histogram for column HasCrCard.
[2025-03-03T21:14:14.620+0000] {subprocess.py:93} INFO - 2025-03-03 21:14:14,620 : INFO : Generating histogram for column IsActiveMember.
[2025-03-03T21:14:14.803+0000] {subprocess.py:93} INFO - 2025-03-03 21:14:14,803 : INFO : Generating histogram for column EstimatedSalary.
[2025-03-03T21:14:15.015+0000] {subprocess.py:93} INFO - 2025-03-03 21:14:15,014 : INFO : Generating histogram for column Exited.
[2025-03-03T21:14:15.372+0000] {subprocess.py:93} INFO - 2025-03-03 21:14:15,372 : INFO : Generating histogram for relation of Exited with Categorical data.
[2025-03-03T21:14:15.837+0000] {subprocess.py:93} INFO - 2025-03-03 21:14:15,837 : INFO : Using categorical units to plot a list of strings that are all parsable as floats or dates. If these strings should be plotted as numbers, cast to the appropriate data type before plotting.
[2025-03-03T21:14:15.864+0000] {subprocess.py:93} INFO - 2025-03-03 21:14:15,863 : INFO : Using categorical units to plot a list of strings that are all parsable as floats or dates. If these strings should be plotted as numbers, cast to the appropriate data type before plotting.
[2025-03-03T21:14:15.963+0000] {subprocess.py:93} INFO - 2025-03-03 21:14:15,962 : INFO : Using categorical units to plot a list of strings that are all parsable as floats or dates. If these strings should be plotted as numbers, cast to the appropriate data type before plotting.
[2025-03-03T21:14:15.986+0000] {subprocess.py:93} INFO - 2025-03-03 21:14:15,985 : INFO : Using categorical units to plot a list of strings that are all parsable as floats or dates. If these strings should be plotted as numbers, cast to the appropriate data type before plotting.
[2025-03-03T21:14:16.052+0000] {subprocess.py:93} INFO - 2025-03-03 21:14:16,052 : INFO : Generating box plots for relation of Exited with non Categorical data.
[2025-03-03T21:14:16.298+0000] {subprocess.py:93} INFO - 2025-03-03 21:14:16,297 : INFO : Using categorical units to plot a list of strings that are all parsable as floats or dates. If these strings should be plotted as numbers, cast to the appropriate data type before plotting.
[2025-03-03T21:14:16.323+0000] {subprocess.py:93} INFO - 2025-03-03 21:14:16,323 : INFO : Using categorical units to plot a list of strings that are all parsable as floats or dates. If these strings should be plotted as numbers, cast to the appropriate data type before plotting.
[2025-03-03T21:14:16.447+0000] {subprocess.py:93} INFO - 2025-03-03 21:14:16,446 : INFO : Using categorical units to plot a list of strings that are all parsable as floats or dates. If these strings should be plotted as numbers, cast to the appropriate data type before plotting.
[2025-03-03T21:14:16.470+0000] {subprocess.py:93} INFO - 2025-03-03 21:14:16,469 : INFO : Using categorical units to plot a list of strings that are all parsable as floats or dates. If these strings should be plotted as numbers, cast to the appropriate data type before plotting.
[2025-03-03T21:14:16.592+0000] {subprocess.py:93} INFO - 2025-03-03 21:14:16,591 : INFO : Using categorical units to plot a list of strings that are all parsable as floats or dates. If these strings should be plotted as numbers, cast to the appropriate data type before plotting.
[2025-03-03T21:14:16.621+0000] {subprocess.py:93} INFO - 2025-03-03 21:14:16,620 : INFO : Using categorical units to plot a list of strings that are all parsable as floats or dates. If these strings should be plotted as numbers, cast to the appropriate data type before plotting.
[2025-03-03T21:14:16.729+0000] {subprocess.py:93} INFO - 2025-03-03 21:14:16,728 : INFO : Using categorical units to plot a list of strings that are all parsable as floats or dates. If these strings should be plotted as numbers, cast to the appropriate data type before plotting.
[2025-03-03T21:14:16.751+0000] {subprocess.py:93} INFO - 2025-03-03 21:14:16,750 : INFO : Using categorical units to plot a list of strings that are all parsable as floats or dates. If these strings should be plotted as numbers, cast to the appropriate data type before plotting.
[2025-03-03T21:14:16.838+0000] {subprocess.py:93} INFO - 2025-03-03 21:14:16,838 : INFO : Using categorical units to plot a list of strings that are all parsable as floats or dates. If these strings should be plotted as numbers, cast to the appropriate data type before plotting.
[2025-03-03T21:14:16.856+0000] {subprocess.py:93} INFO - 2025-03-03 21:14:16,856 : INFO : Using categorical units to plot a list of strings that are all parsable as floats or dates. If these strings should be plotted as numbers, cast to the appropriate data type before plotting.
[2025-03-03T21:14:17.052+0000] {subprocess.py:93} INFO - 2025-03-03 21:14:17,052 : INFO : Using categorical units to plot a list of strings that are all parsable as floats or dates. If these strings should be plotted as numbers, cast to the appropriate data type before plotting.
[2025-03-03T21:14:17.069+0000] {subprocess.py:93} INFO - 2025-03-03 21:14:17,069 : INFO : Using categorical units to plot a list of strings that are all parsable as floats or dates. If these strings should be plotted as numbers, cast to the appropriate data type before plotting.
[2025-03-03T21:14:17.497+0000] {subprocess.py:93} INFO - 2025-03-03 21:14:17,497 : INFO : Saved pdf in /opt/***/visualization/fintech1/03-03-2025/csv/plots.pdf
[2025-03-03T21:14:17.535+0000] {subprocess.py:93} INFO - 2025-03-03 21:14:17,535 : INFO : Starting data preparation for database_data.csv.
[2025-03-03T21:14:17.558+0000] {subprocess.py:93} INFO - 2025-03-03 21:14:17,558 : INFO : Dropping 'Tenure' less than 0 and greater than 110 * 12
[2025-03-03T21:14:17.562+0000] {subprocess.py:93} INFO - 2025-03-03 21:14:17,561 : INFO : Handling 'Age' empty data
[2025-03-03T21:14:17.564+0000] {subprocess.py:93} INFO - 2025-03-03 21:14:17,563 : INFO : Dropping 'Age' less than 18 and greater than 110
[2025-03-03T21:14:17.566+0000] {subprocess.py:93} INFO - 2025-03-03 21:14:17,566 : INFO : Dropping 'Estimated Salary' & 'Credit Score' with 0 & negative values
[2025-03-03T21:14:17.569+0000] {subprocess.py:93} INFO - 2025-03-03 21:14:17,569 : INFO : Handling 'Balance', 'EstimatedSalary' empty data with mean
[2025-03-03T21:14:17.569+0000] {subprocess.py:93} INFO - 2025-03-03 21:14:17,569 : INFO : Droping 'Surname' as it may lead to profiling, 'RowNumber', 'CustomerId' as it is not required
[2025-03-03T21:14:17.571+0000] {subprocess.py:93} INFO - 2025-03-03 21:14:17,570 : INFO : Making 'Geography', 'Gender', 'HasCrCard', 'IsActiveMember' as categorical
[2025-03-03T21:14:17.579+0000] {subprocess.py:93} INFO - 2025-03-03 21:14:17,579 : INFO : Saving data to S3.
[2025-03-03T21:14:17.579+0000] {subprocess.py:93} INFO - 2025-03-03 21:14:17,579 : INFO : Directory created at /opt/***/data/cleaned/fintech2/03-03-2025/database
[2025-03-03T21:14:17.662+0000] {subprocess.py:93} INFO - 2025-03-03 21:14:17,661 : INFO : Connected to s3
[2025-03-03T21:14:20.679+0000] {subprocess.py:93} INFO - 2025-03-03 21:14:20,678 : INFO : File uploaded to S3
[2025-03-03T21:14:20.682+0000] {subprocess.py:93} INFO - 2025-03-03 21:14:20,680 : INFO : Creating Pie chart
[2025-03-03T21:14:20.759+0000] {subprocess.py:93} INFO - 2025-03-03 21:14:20,759 : INFO : Generating histogram for column CreditScore.
[2025-03-03T21:14:20.876+0000] {subprocess.py:93} INFO - 2025-03-03 21:14:20,876 : INFO : Generating histogram for column Geography.
[2025-03-03T21:14:20.981+0000] {subprocess.py:93} INFO - 2025-03-03 21:14:20,981 : INFO : Generating histogram for column Gender.
[2025-03-03T21:14:21.079+0000] {subprocess.py:93} INFO - 2025-03-03 21:14:21,079 : INFO : Generating histogram for column Age.
[2025-03-03T21:14:21.177+0000] {subprocess.py:93} INFO - 2025-03-03 21:14:21,177 : INFO : Generating histogram for column Tenure.
[2025-03-03T21:14:21.294+0000] {subprocess.py:93} INFO - 2025-03-03 21:14:21,294 : INFO : Generating histogram for column Balance.
[2025-03-03T21:14:21.412+0000] {subprocess.py:93} INFO - 2025-03-03 21:14:21,412 : INFO : Generating histogram for column NumOfProducts.
[2025-03-03T21:14:21.548+0000] {subprocess.py:93} INFO - 2025-03-03 21:14:21,547 : INFO : Generating histogram for column HasCrCard.
[2025-03-03T21:14:21.591+0000] {subprocess.py:93} INFO - <__array_function__ internals>:200: RuntimeWarning: Converting input from bool to <class 'numpy.uint8'> for compatibility.
[2025-03-03T21:14:21.591+0000] {subprocess.py:93} INFO - 2025-03-03 21:14:21,590 : ERROR : Error in creating reportnumpy boolean subtract, the `-` operator, is not supported, use the bitwise_xor, the `^` operator, or the logical_xor function instead.
[2025-03-03T21:14:21.591+0000] {subprocess.py:93} INFO - 2025-03-03 21:14:21,590 : ERROR : Error in preparing datanumpy boolean subtract, the `-` operator, is not supported, use the bitwise_xor, the `^` operator, or the logical_xor function instead.
[2025-03-03T21:14:21.594+0000] {subprocess.py:93} INFO - Traceback (most recent call last):
[2025-03-03T21:14:21.595+0000] {subprocess.py:93} INFO -   File "/home/***/.local/lib/python3.8/site-packages/numpy/lib/histograms.py", line 351, in _unsigned_subtract
[2025-03-03T21:14:21.595+0000] {subprocess.py:93} INFO -     dt = signed_to_unsigned[dt.type]
[2025-03-03T21:14:21.595+0000] {subprocess.py:93} INFO - KeyError: <class 'numpy.bool_'>
[2025-03-03T21:14:21.596+0000] {subprocess.py:93} INFO - 
[2025-03-03T21:14:21.596+0000] {subprocess.py:93} INFO - During handling of the above exception, another exception occurred:
[2025-03-03T21:14:21.596+0000] {subprocess.py:93} INFO - 
[2025-03-03T21:14:21.596+0000] {subprocess.py:93} INFO - Traceback (most recent call last):
[2025-03-03T21:14:21.596+0000] {subprocess.py:93} INFO -   File "/opt/***/executables/data_preparation.py", line 149, in <module>
[2025-03-03T21:14:21.596+0000] {subprocess.py:93} INFO -     prepare_data("database_data.csv", "database", "fintech2", "database_data.csv")
[2025-03-03T21:14:21.597+0000] {subprocess.py:93} INFO -   File "/opt/***/executables/data_preparation.py", line 92, in prepare_data
[2025-03-03T21:14:21.597+0000] {subprocess.py:93} INFO -     raise e
[2025-03-03T21:14:21.597+0000] {subprocess.py:93} INFO -   File "/opt/***/executables/data_preparation.py", line 89, in prepare_data
[2025-03-03T21:14:21.597+0000] {subprocess.py:93} INFO -     generate_report(df, source, type)
[2025-03-03T21:14:21.597+0000] {subprocess.py:93} INFO -   File "/opt/***/executables/data_preparation.py", line 144, in generate_report
[2025-03-03T21:14:21.597+0000] {subprocess.py:93} INFO -     raise e
[2025-03-03T21:14:21.598+0000] {subprocess.py:93} INFO -   File "/opt/***/executables/data_preparation.py", line 114, in generate_report
[2025-03-03T21:14:21.598+0000] {subprocess.py:93} INFO -     plt.hist(data[column], bins=20, alpha=0.7, color='b', edgecolor='black')
[2025-03-03T21:14:21.598+0000] {subprocess.py:93} INFO -   File "/home/***/.local/lib/python3.8/site-packages/matplotlib/pyplot.py", line 2645, in hist
[2025-03-03T21:14:21.598+0000] {subprocess.py:93} INFO -     return gca().hist(
[2025-03-03T21:14:21.598+0000] {subprocess.py:93} INFO -   File "/home/***/.local/lib/python3.8/site-packages/matplotlib/__init__.py", line 1446, in inner
[2025-03-03T21:14:21.598+0000] {subprocess.py:93} INFO -     return func(ax, *map(sanitize_sequence, args), **kwargs)
[2025-03-03T21:14:21.599+0000] {subprocess.py:93} INFO -   File "/home/***/.local/lib/python3.8/site-packages/matplotlib/axes/_axes.py", line 6791, in hist
[2025-03-03T21:14:21.599+0000] {subprocess.py:93} INFO -     m, bins = np.histogram(x[i], bins, weights=w[i], **hist_kwargs)
[2025-03-03T21:14:21.599+0000] {subprocess.py:93} INFO -   File "<__array_function__ internals>", line 200, in histogram
[2025-03-03T21:14:21.599+0000] {subprocess.py:93} INFO -   File "/home/***/.local/lib/python3.8/site-packages/numpy/lib/histograms.py", line 810, in histogram
[2025-03-03T21:14:21.599+0000] {subprocess.py:93} INFO -     norm = n_equal_bins / _unsigned_subtract(last_edge, first_edge)
[2025-03-03T21:14:21.599+0000] {subprocess.py:93} INFO -   File "/home/***/.local/lib/python3.8/site-packages/numpy/lib/histograms.py", line 353, in _unsigned_subtract
[2025-03-03T21:14:21.599+0000] {subprocess.py:93} INFO -     return np.subtract(a, b, dtype=dt)
[2025-03-03T21:14:21.600+0000] {subprocess.py:93} INFO - TypeError: numpy boolean subtract, the `-` operator, is not supported, use the bitwise_xor, the `^` operator, or the logical_xor function instead.
[2025-03-03T21:14:22.068+0000] {subprocess.py:93} INFO - On branch main
[2025-03-03T21:14:22.069+0000] {subprocess.py:93} INFO - Your branch is up to date with 'origin/main'.
[2025-03-03T21:14:22.069+0000] {subprocess.py:93} INFO - 
[2025-03-03T21:14:22.069+0000] {subprocess.py:93} INFO - Changes to be committed:
[2025-03-03T21:14:22.069+0000] {subprocess.py:93} INFO -   (use "git restore --staged <file>..." to unstage)
[2025-03-03T21:14:22.069+0000] {subprocess.py:93} INFO - 	modified:   visualization/fintech1/03-03-2025/csv/plots.pdf
[2025-03-03T21:14:22.069+0000] {subprocess.py:93} INFO - 	modified:   visualization/fintech2/03-03-2025/database/plots.pdf
[2025-03-03T21:14:22.069+0000] {subprocess.py:93} INFO - 
[2025-03-03T21:14:22.069+0000] {subprocess.py:93} INFO - Changes not staged for commit:
[2025-03-03T21:14:22.070+0000] {subprocess.py:93} INFO -   (use "git add <file>..." to update what will be committed)
[2025-03-03T21:14:22.070+0000] {subprocess.py:93} INFO -   (use "git restore <file>..." to discard changes in working directory)
[2025-03-03T21:14:22.070+0000] {subprocess.py:93} INFO - 	modified:   logs/dag_id=customer_churn_ml_pipeline/run_id=manual__2025-03-03T21:13:14.978853+00:00/task_id=data_validation_task/attempt=1.log
[2025-03-03T21:14:22.070+0000] {subprocess.py:93} INFO - 	modified:   logs/dag_processor_manager/dag_processor_manager.log
[2025-03-03T21:14:22.070+0000] {subprocess.py:93} INFO - 	modified:   logs/data_preparation.log
[2025-03-03T21:14:22.070+0000] {subprocess.py:93} INFO - 	modified:   logs/scheduler/2025-03-03/customer_churn.py.log
[2025-03-03T21:14:22.070+0000] {subprocess.py:93} INFO - 
[2025-03-03T21:14:22.070+0000] {subprocess.py:93} INFO - Untracked files:
[2025-03-03T21:14:22.071+0000] {subprocess.py:93} INFO -   (use "git add <file>..." to include in what will be committed)
[2025-03-03T21:14:22.071+0000] {subprocess.py:93} INFO - 	customer_churn_stats/feature_repo/data/online_store.db
[2025-03-03T21:14:22.071+0000] {subprocess.py:93} INFO - 	customer_churn_stats/feature_repo/data/registry.db
[2025-03-03T21:14:22.071+0000] {subprocess.py:93} INFO - 	logs/dag_id=customer_churn_ml_pipeline/run_id=manual__2025-03-03T21:13:14.978853+00:00/task_id=data_preparation_task/
[2025-03-03T21:14:22.071+0000] {subprocess.py:93} INFO - 	models/
[2025-03-03T21:14:22.071+0000] {subprocess.py:93} INFO - 	online.db
[2025-03-03T21:14:22.071+0000] {subprocess.py:93} INFO - 
[2025-03-03T21:14:22.166+0000] {subprocess.py:93} INFO - [main 41568f8] Updated cleaned data version
[2025-03-03T21:14:22.166+0000] {subprocess.py:93} INFO -  6 files changed, 91 insertions(+)
[2025-03-03T21:14:27.345+0000] {subprocess.py:93} INFO - Everything is up to date.
[2025-03-03T21:14:29.642+0000] {subprocess.py:93} INFO - To https://github.com/anniemathew-trial/customer_churn_pipeline.git
[2025-03-03T21:14:29.643+0000] {subprocess.py:93} INFO -    85d9e6b..41568f8  main -> main
[2025-03-03T21:14:29.651+0000] {subprocess.py:97} INFO - Command exited with return code 0
[2025-03-03T21:14:29.715+0000] {taskinstance.py:1400} INFO - Marking task as SUCCESS. dag_id=customer_churn_ml_pipeline, task_id=data_preparation_task, execution_date=20250303T211314, start_date=20250303T211406, end_date=20250303T211429
[2025-03-03T21:14:29.749+0000] {local_task_job_runner.py:228} INFO - Task exited with return code 0
[2025-03-03T21:14:29.791+0000] {taskinstance.py:2778} INFO - 1 downstream tasks scheduled from follow-on schedule check
