[2025-03-03T20:45:57.694+0000] {taskinstance.py:1159} INFO - Dependencies all met for dep_context=non-requeueable deps ti=<TaskInstance: customer_churn_ml_pipeline.data_preparation_task manual__2025-03-03T20:45:15.367262+00:00 [queued]>
[2025-03-03T20:45:57.709+0000] {taskinstance.py:1159} INFO - Dependencies all met for dep_context=requeueable deps ti=<TaskInstance: customer_churn_ml_pipeline.data_preparation_task manual__2025-03-03T20:45:15.367262+00:00 [queued]>
[2025-03-03T20:45:57.710+0000] {taskinstance.py:1361} INFO - Starting attempt 1 of 1
[2025-03-03T20:45:57.727+0000] {taskinstance.py:1382} INFO - Executing <Task(BashOperator): data_preparation_task> on 2025-03-03 20:45:15.367262+00:00
[2025-03-03T20:45:57.731+0000] {standard_task_runner.py:57} INFO - Started process 476 to run task
[2025-03-03T20:45:57.735+0000] {standard_task_runner.py:84} INFO - Running: ['***', 'tasks', 'run', 'customer_churn_ml_pipeline', 'data_preparation_task', 'manual__2025-03-03T20:45:15.367262+00:00', '--job-id', '174', '--raw', '--subdir', 'DAGS_FOLDER/customer_churn.py', '--cfg-path', '/tmp/tmpu8ck1_0t']
[2025-03-03T20:45:57.737+0000] {standard_task_runner.py:85} INFO - Job 174: Subtask data_preparation_task
[2025-03-03T20:45:57.760+0000] {logging_mixin.py:154} WARNING - /home/***/.local/lib/python3.8/site-packages/***/settings.py:195 DeprecationWarning: The sql_alchemy_conn option in [core] has been moved to the sql_alchemy_conn option in [database] - the old setting has been used, but please update your config.
[2025-03-03T20:45:57.805+0000] {task_command.py:416} INFO - Running <TaskInstance: customer_churn_ml_pipeline.data_preparation_task manual__2025-03-03T20:45:15.367262+00:00 [running]> on host 157237bff8f7
[2025-03-03T20:45:57.933+0000] {taskinstance.py:1662} INFO - Exporting env vars: AIRFLOW_CTX_DAG_OWNER='***' AIRFLOW_CTX_DAG_ID='customer_churn_ml_pipeline' AIRFLOW_CTX_TASK_ID='data_preparation_task' AIRFLOW_CTX_EXECUTION_DATE='2025-03-03T20:45:15.367262+00:00' AIRFLOW_CTX_TRY_NUMBER='1' AIRFLOW_CTX_DAG_RUN_ID='manual__2025-03-03T20:45:15.367262+00:00'
[2025-03-03T20:45:57.934+0000] {subprocess.py:63} INFO - Tmp dir root location: /tmp
[2025-03-03T20:45:57.935+0000] {subprocess.py:75} INFO - Running command: ['/bin/bash', '-c', '\n\t\t\tcd /opt/*** &&\t\t\tpython /opt/***/executables/data_preparation.py &&                         dvc add /opt/***/data/cleaned &&                         git add /opt/***/data/cleaned.dvc && \t\t\tgit add logs && \\   \n\t\t\tgit add visualization &&    \t\t\tgit status &&                         git commit -m "Updated cleaned data version" -a &&                         dvc push && git push\n                    ']
[2025-03-03T20:45:57.944+0000] {subprocess.py:86} INFO - Output:
[2025-03-03T20:46:01.883+0000] {subprocess.py:93} INFO - 2025-03-03 20:46:01,881 : INFO : Starting data preparation for customer_data.csv.
[2025-03-03T20:46:01.904+0000] {subprocess.py:93} INFO - 2025-03-03 20:46:01,903 : INFO : Dropping 'Tenure' less than 0 and greater than 110 * 12
[2025-03-03T20:46:01.907+0000] {subprocess.py:93} INFO - 2025-03-03 20:46:01,907 : INFO : Handling 'Age' empty data
[2025-03-03T20:46:01.908+0000] {subprocess.py:93} INFO - 2025-03-03 20:46:01,908 : INFO : Dropping 'Age' less than 18 and greater than 110
[2025-03-03T20:46:01.911+0000] {subprocess.py:93} INFO - 2025-03-03 20:46:01,910 : INFO : Dropping 'Estimated Salary' & 'Credit Score' with 0 & negative values
[2025-03-03T20:46:01.913+0000] {subprocess.py:93} INFO - 2025-03-03 20:46:01,913 : INFO : Handling 'Balance', 'EstimatedSalary' empty data with mean
[2025-03-03T20:46:01.913+0000] {subprocess.py:93} INFO - 2025-03-03 20:46:01,913 : INFO : Droping 'Surname' as it may lead to profiling, 'RowNumber', 'CustomerId' as it is not required
[2025-03-03T20:46:01.915+0000] {subprocess.py:93} INFO - 2025-03-03 20:46:01,915 : INFO : Making 'Geography', 'Gender', 'HasCrCard', 'IsActiveMember' as categorical
[2025-03-03T20:46:01.923+0000] {subprocess.py:93} INFO - 2025-03-03 20:46:01,923 : INFO : Saving data to S3.
[2025-03-03T20:46:01.924+0000] {subprocess.py:93} INFO - 2025-03-03 20:46:01,923 : INFO : Directory created at /opt/***/data/cleaned/fintech1/03-03-2025/csv
[2025-03-03T20:46:02.130+0000] {subprocess.py:93} INFO - 2025-03-03 20:46:02,130 : INFO : Connected to s3
[2025-03-03T20:46:05.157+0000] {subprocess.py:93} INFO - 2025-03-03 20:46:05,157 : INFO : File uploaded to S3
[2025-03-03T20:46:05.158+0000] {subprocess.py:93} INFO - 2025-03-03 20:46:05,158 : INFO : Creating Pie chart
[2025-03-03T20:46:05.235+0000] {subprocess.py:93} INFO - 2025-03-03 20:46:05,235 : INFO : Generating histogram for column CreditScore.
[2025-03-03T20:46:05.402+0000] {subprocess.py:93} INFO - 2025-03-03 20:46:05,402 : INFO : Generating histogram for column Geography.
[2025-03-03T20:46:05.665+0000] {subprocess.py:93} INFO - 2025-03-03 20:46:05,665 : INFO : Generating histogram for column Gender.
[2025-03-03T20:46:05.805+0000] {subprocess.py:93} INFO - 2025-03-03 20:46:05,804 : INFO : Generating histogram for column Age.
[2025-03-03T20:46:06.031+0000] {subprocess.py:93} INFO - 2025-03-03 20:46:06,030 : INFO : Generating histogram for column Tenure.
[2025-03-03T20:46:06.244+0000] {subprocess.py:93} INFO - 2025-03-03 20:46:06,244 : INFO : Generating histogram for column Balance.
[2025-03-03T20:46:06.618+0000] {subprocess.py:93} INFO - 2025-03-03 20:46:06,615 : INFO : Generating histogram for column NumOfProducts.
[2025-03-03T20:46:06.977+0000] {subprocess.py:93} INFO - 2025-03-03 20:46:06,976 : INFO : Generating histogram for column HasCrCard.
[2025-03-03T20:46:07.263+0000] {subprocess.py:93} INFO - 2025-03-03 20:46:07,263 : INFO : Generating histogram for column IsActiveMember.
[2025-03-03T20:46:07.537+0000] {subprocess.py:93} INFO - 2025-03-03 20:46:07,536 : INFO : Generating histogram for column EstimatedSalary.
[2025-03-03T20:46:07.890+0000] {subprocess.py:93} INFO - 2025-03-03 20:46:07,889 : INFO : Generating histogram for column Exited.
[2025-03-03T20:46:08.293+0000] {subprocess.py:93} INFO - 2025-03-03 20:46:08,293 : INFO : Generating histogram for relation of Exited with Categorical data.
[2025-03-03T20:46:08.894+0000] {subprocess.py:93} INFO - 2025-03-03 20:46:08,893 : INFO : Using categorical units to plot a list of strings that are all parsable as floats or dates. If these strings should be plotted as numbers, cast to the appropriate data type before plotting.
[2025-03-03T20:46:08.927+0000] {subprocess.py:93} INFO - 2025-03-03 20:46:08,926 : INFO : Using categorical units to plot a list of strings that are all parsable as floats or dates. If these strings should be plotted as numbers, cast to the appropriate data type before plotting.
[2025-03-03T20:46:09.044+0000] {subprocess.py:93} INFO - 2025-03-03 20:46:09,043 : INFO : Using categorical units to plot a list of strings that are all parsable as floats or dates. If these strings should be plotted as numbers, cast to the appropriate data type before plotting.
[2025-03-03T20:46:09.070+0000] {subprocess.py:93} INFO - 2025-03-03 20:46:09,070 : INFO : Using categorical units to plot a list of strings that are all parsable as floats or dates. If these strings should be plotted as numbers, cast to the appropriate data type before plotting.
[2025-03-03T20:46:09.161+0000] {subprocess.py:93} INFO - 2025-03-03 20:46:09,161 : INFO : Generating box plots for relation of Exited with non Categorical data.
[2025-03-03T20:46:09.463+0000] {subprocess.py:93} INFO - 2025-03-03 20:46:09,463 : INFO : Using categorical units to plot a list of strings that are all parsable as floats or dates. If these strings should be plotted as numbers, cast to the appropriate data type before plotting.
[2025-03-03T20:46:09.487+0000] {subprocess.py:93} INFO - 2025-03-03 20:46:09,487 : INFO : Using categorical units to plot a list of strings that are all parsable as floats or dates. If these strings should be plotted as numbers, cast to the appropriate data type before plotting.
[2025-03-03T20:46:09.617+0000] {subprocess.py:93} INFO - 2025-03-03 20:46:09,616 : INFO : Using categorical units to plot a list of strings that are all parsable as floats or dates. If these strings should be plotted as numbers, cast to the appropriate data type before plotting.
[2025-03-03T20:46:09.643+0000] {subprocess.py:93} INFO - 2025-03-03 20:46:09,642 : INFO : Using categorical units to plot a list of strings that are all parsable as floats or dates. If these strings should be plotted as numbers, cast to the appropriate data type before plotting.
[2025-03-03T20:46:09.777+0000] {subprocess.py:93} INFO - 2025-03-03 20:46:09,777 : INFO : Using categorical units to plot a list of strings that are all parsable as floats or dates. If these strings should be plotted as numbers, cast to the appropriate data type before plotting.
[2025-03-03T20:46:09.800+0000] {subprocess.py:93} INFO - 2025-03-03 20:46:09,799 : INFO : Using categorical units to plot a list of strings that are all parsable as floats or dates. If these strings should be plotted as numbers, cast to the appropriate data type before plotting.
[2025-03-03T20:46:09.908+0000] {subprocess.py:93} INFO - 2025-03-03 20:46:09,907 : INFO : Using categorical units to plot a list of strings that are all parsable as floats or dates. If these strings should be plotted as numbers, cast to the appropriate data type before plotting.
[2025-03-03T20:46:09.932+0000] {subprocess.py:93} INFO - 2025-03-03 20:46:09,931 : INFO : Using categorical units to plot a list of strings that are all parsable as floats or dates. If these strings should be plotted as numbers, cast to the appropriate data type before plotting.
[2025-03-03T20:46:10.061+0000] {subprocess.py:93} INFO - 2025-03-03 20:46:10,061 : INFO : Using categorical units to plot a list of strings that are all parsable as floats or dates. If these strings should be plotted as numbers, cast to the appropriate data type before plotting.
[2025-03-03T20:46:10.089+0000] {subprocess.py:93} INFO - 2025-03-03 20:46:10,088 : INFO : Using categorical units to plot a list of strings that are all parsable as floats or dates. If these strings should be plotted as numbers, cast to the appropriate data type before plotting.
[2025-03-03T20:46:10.395+0000] {subprocess.py:93} INFO - 2025-03-03 20:46:10,395 : INFO : Using categorical units to plot a list of strings that are all parsable as floats or dates. If these strings should be plotted as numbers, cast to the appropriate data type before plotting.
[2025-03-03T20:46:10.426+0000] {subprocess.py:93} INFO - 2025-03-03 20:46:10,425 : INFO : Using categorical units to plot a list of strings that are all parsable as floats or dates. If these strings should be plotted as numbers, cast to the appropriate data type before plotting.
[2025-03-03T20:46:11.145+0000] {subprocess.py:93} INFO - 2025-03-03 20:46:11,145 : INFO : Saved pdf in /opt/***/visualization/fintech1/03-03-2025/csv/plots.pdf
[2025-03-03T20:46:11.232+0000] {subprocess.py:93} INFO - 2025-03-03 20:46:11,231 : INFO : Starting data preparation for database_data.csv.
[2025-03-03T20:46:11.265+0000] {subprocess.py:93} INFO - 2025-03-03 20:46:11,264 : INFO : Dropping 'Tenure' less than 0 and greater than 110 * 12
[2025-03-03T20:46:11.270+0000] {subprocess.py:93} INFO - 2025-03-03 20:46:11,269 : INFO : Handling 'Age' empty data
[2025-03-03T20:46:11.272+0000] {subprocess.py:93} INFO - 2025-03-03 20:46:11,272 : INFO : Dropping 'Age' less than 18 and greater than 110
[2025-03-03T20:46:11.277+0000] {subprocess.py:93} INFO - 2025-03-03 20:46:11,276 : INFO : Dropping 'Estimated Salary' & 'Credit Score' with 0 & negative values
[2025-03-03T20:46:11.280+0000] {subprocess.py:93} INFO - 2025-03-03 20:46:11,280 : INFO : Handling 'Balance', 'EstimatedSalary' empty data with mean
[2025-03-03T20:46:11.281+0000] {subprocess.py:93} INFO - 2025-03-03 20:46:11,280 : INFO : Droping 'Surname' as it may lead to profiling, 'RowNumber', 'CustomerId' as it is not required
[2025-03-03T20:46:11.283+0000] {subprocess.py:93} INFO - 2025-03-03 20:46:11,282 : INFO : Making 'Geography', 'Gender', 'HasCrCard', 'IsActiveMember' as categorical
[2025-03-03T20:46:11.294+0000] {subprocess.py:93} INFO - 2025-03-03 20:46:11,294 : INFO : Saving data to S3.
[2025-03-03T20:46:11.294+0000] {subprocess.py:93} INFO - 2025-03-03 20:46:11,294 : INFO : Directory created at /opt/***/data/cleaned/fintech2/03-03-2025/database
[2025-03-03T20:46:11.406+0000] {subprocess.py:93} INFO - 2025-03-03 20:46:11,405 : INFO : Connected to s3
[2025-03-03T20:46:13.880+0000] {subprocess.py:93} INFO - 2025-03-03 20:46:13,879 : INFO : File uploaded to S3
[2025-03-03T20:46:13.882+0000] {subprocess.py:93} INFO - 2025-03-03 20:46:13,882 : INFO : Creating Pie chart
[2025-03-03T20:46:14.011+0000] {subprocess.py:93} INFO - 2025-03-03 20:46:14,011 : INFO : Generating histogram for column CreditScore.
[2025-03-03T20:46:14.213+0000] {subprocess.py:93} INFO - 2025-03-03 20:46:14,212 : INFO : Generating histogram for column Geography.
[2025-03-03T20:46:14.338+0000] {subprocess.py:93} INFO - 2025-03-03 20:46:14,338 : INFO : Generating histogram for column Gender.
[2025-03-03T20:46:14.479+0000] {subprocess.py:93} INFO - 2025-03-03 20:46:14,478 : INFO : Generating histogram for column Age.
[2025-03-03T20:46:14.654+0000] {subprocess.py:93} INFO - 2025-03-03 20:46:14,653 : INFO : Generating histogram for column Tenure.
[2025-03-03T20:46:14.863+0000] {subprocess.py:93} INFO - 2025-03-03 20:46:14,862 : INFO : Generating histogram for column Balance.
[2025-03-03T20:46:15.101+0000] {subprocess.py:93} INFO - 2025-03-03 20:46:15,101 : INFO : Generating histogram for column NumOfProducts.
[2025-03-03T20:46:15.363+0000] {subprocess.py:93} INFO - 2025-03-03 20:46:15,363 : INFO : Generating histogram for column HasCrCard.
[2025-03-03T20:46:15.442+0000] {subprocess.py:93} INFO - <__array_function__ internals>:200: RuntimeWarning: Converting input from bool to <class 'numpy.uint8'> for compatibility.
[2025-03-03T20:46:15.442+0000] {subprocess.py:93} INFO - 2025-03-03 20:46:15,441 : ERROR : Error in creating reportnumpy boolean subtract, the `-` operator, is not supported, use the bitwise_xor, the `^` operator, or the logical_xor function instead.
[2025-03-03T20:46:15.443+0000] {subprocess.py:93} INFO - 2025-03-03 20:46:15,442 : ERROR : Error in preparing datanumpy boolean subtract, the `-` operator, is not supported, use the bitwise_xor, the `^` operator, or the logical_xor function instead.
[2025-03-03T20:46:15.453+0000] {subprocess.py:93} INFO - Traceback (most recent call last):
[2025-03-03T20:46:15.454+0000] {subprocess.py:93} INFO -   File "/home/***/.local/lib/python3.8/site-packages/numpy/lib/histograms.py", line 351, in _unsigned_subtract
[2025-03-03T20:46:15.454+0000] {subprocess.py:93} INFO -     dt = signed_to_unsigned[dt.type]
[2025-03-03T20:46:15.455+0000] {subprocess.py:93} INFO - KeyError: <class 'numpy.bool_'>
[2025-03-03T20:46:15.455+0000] {subprocess.py:93} INFO - 
[2025-03-03T20:46:15.455+0000] {subprocess.py:93} INFO - During handling of the above exception, another exception occurred:
[2025-03-03T20:46:15.456+0000] {subprocess.py:93} INFO - 
[2025-03-03T20:46:15.456+0000] {subprocess.py:93} INFO - Traceback (most recent call last):
[2025-03-03T20:46:15.456+0000] {subprocess.py:93} INFO -   File "/opt/***/executables/data_preparation.py", line 149, in <module>
[2025-03-03T20:46:15.457+0000] {subprocess.py:93} INFO -     prepare_data("database_data.csv", "database", "fintech2", "database_data.csv")
[2025-03-03T20:46:15.457+0000] {subprocess.py:93} INFO -   File "/opt/***/executables/data_preparation.py", line 92, in prepare_data
[2025-03-03T20:46:15.458+0000] {subprocess.py:93} INFO -     raise e
[2025-03-03T20:46:15.458+0000] {subprocess.py:93} INFO -   File "/opt/***/executables/data_preparation.py", line 89, in prepare_data
[2025-03-03T20:46:15.458+0000] {subprocess.py:93} INFO -     generate_report(df, source, type)
[2025-03-03T20:46:15.459+0000] {subprocess.py:93} INFO -   File "/opt/***/executables/data_preparation.py", line 144, in generate_report
[2025-03-03T20:46:15.459+0000] {subprocess.py:93} INFO -     raise e
[2025-03-03T20:46:15.460+0000] {subprocess.py:93} INFO -   File "/opt/***/executables/data_preparation.py", line 114, in generate_report
[2025-03-03T20:46:15.460+0000] {subprocess.py:93} INFO -     plt.hist(data[column], bins=20, alpha=0.7, color='b', edgecolor='black')
[2025-03-03T20:46:15.460+0000] {subprocess.py:93} INFO -   File "/home/***/.local/lib/python3.8/site-packages/matplotlib/pyplot.py", line 2645, in hist
[2025-03-03T20:46:15.461+0000] {subprocess.py:93} INFO -     return gca().hist(
[2025-03-03T20:46:15.461+0000] {subprocess.py:93} INFO -   File "/home/***/.local/lib/python3.8/site-packages/matplotlib/__init__.py", line 1446, in inner
[2025-03-03T20:46:15.461+0000] {subprocess.py:93} INFO -     return func(ax, *map(sanitize_sequence, args), **kwargs)
[2025-03-03T20:46:15.462+0000] {subprocess.py:93} INFO -   File "/home/***/.local/lib/python3.8/site-packages/matplotlib/axes/_axes.py", line 6791, in hist
[2025-03-03T20:46:15.462+0000] {subprocess.py:93} INFO -     m, bins = np.histogram(x[i], bins, weights=w[i], **hist_kwargs)
[2025-03-03T20:46:15.462+0000] {subprocess.py:93} INFO -   File "<__array_function__ internals>", line 200, in histogram
[2025-03-03T20:46:15.463+0000] {subprocess.py:93} INFO -   File "/home/***/.local/lib/python3.8/site-packages/numpy/lib/histograms.py", line 810, in histogram
[2025-03-03T20:46:15.463+0000] {subprocess.py:93} INFO -     norm = n_equal_bins / _unsigned_subtract(last_edge, first_edge)
[2025-03-03T20:46:15.463+0000] {subprocess.py:93} INFO -   File "/home/***/.local/lib/python3.8/site-packages/numpy/lib/histograms.py", line 353, in _unsigned_subtract
[2025-03-03T20:46:15.464+0000] {subprocess.py:93} INFO -     return np.subtract(a, b, dtype=dt)
[2025-03-03T20:46:15.464+0000] {subprocess.py:93} INFO - TypeError: numpy boolean subtract, the `-` operator, is not supported, use the bitwise_xor, the `^` operator, or the logical_xor function instead.
[2025-03-03T20:46:16.143+0000] {subprocess.py:93} INFO - On branch main
[2025-03-03T20:46:16.143+0000] {subprocess.py:93} INFO - Your branch is up to date with 'origin/main'.
[2025-03-03T20:46:16.144+0000] {subprocess.py:93} INFO - 
[2025-03-03T20:46:16.144+0000] {subprocess.py:93} INFO - Changes to be committed:
[2025-03-03T20:46:16.144+0000] {subprocess.py:93} INFO -   (use "git restore --staged <file>..." to unstage)
[2025-03-03T20:46:16.145+0000] {subprocess.py:93} INFO - 	modified:   visualization/fintech1/03-03-2025/csv/plots.pdf
[2025-03-03T20:46:16.145+0000] {subprocess.py:93} INFO - 	modified:   visualization/fintech2/03-03-2025/database/plots.pdf
[2025-03-03T20:46:16.145+0000] {subprocess.py:93} INFO - 
[2025-03-03T20:46:16.145+0000] {subprocess.py:93} INFO - Changes not staged for commit:
[2025-03-03T20:46:16.145+0000] {subprocess.py:93} INFO -   (use "git add <file>..." to update what will be committed)
[2025-03-03T20:46:16.146+0000] {subprocess.py:93} INFO -   (use "git restore <file>..." to discard changes in working directory)
[2025-03-03T20:46:16.146+0000] {subprocess.py:93} INFO - 	modified:   logs/dag_id=customer_churn_ml_pipeline/run_id=manual__2025-03-03T20:45:15.367262+00:00/task_id=data_validation_task/attempt=1.log
[2025-03-03T20:46:16.146+0000] {subprocess.py:93} INFO - 	modified:   logs/dag_processor_manager/dag_processor_manager.log
[2025-03-03T20:46:16.146+0000] {subprocess.py:93} INFO - 	modified:   logs/data_preparation.log
[2025-03-03T20:46:16.147+0000] {subprocess.py:93} INFO - 
[2025-03-03T20:46:16.147+0000] {subprocess.py:93} INFO - Untracked files:
[2025-03-03T20:46:16.147+0000] {subprocess.py:93} INFO -   (use "git add <file>..." to include in what will be committed)
[2025-03-03T20:46:16.148+0000] {subprocess.py:93} INFO - 	customer_churn_stats/feature_repo/data/online_store.db
[2025-03-03T20:46:16.148+0000] {subprocess.py:93} INFO - 	customer_churn_stats/feature_repo/data/registry.db
[2025-03-03T20:46:16.148+0000] {subprocess.py:93} INFO - 	logs/dag_id=customer_churn_ml_pipeline/run_id=manual__2025-03-03T20:45:15.367262+00:00/task_id=data_preparation_task/
[2025-03-03T20:46:16.148+0000] {subprocess.py:93} INFO - 	models/
[2025-03-03T20:46:16.149+0000] {subprocess.py:93} INFO - 	online.db
[2025-03-03T20:46:16.149+0000] {subprocess.py:93} INFO - 
[2025-03-03T20:46:16.316+0000] {subprocess.py:93} INFO - [main 971d585] Updated cleaned data version
[2025-03-03T20:46:16.317+0000] {subprocess.py:93} INFO -  5 files changed, 78 insertions(+)
[2025-03-03T20:46:21.673+0000] {subprocess.py:93} INFO - Everything is up to date.
[2025-03-03T20:46:23.870+0000] {subprocess.py:93} INFO - To https://github.com/anniemathew-trial/customer_churn_pipeline.git
[2025-03-03T20:46:23.873+0000] {subprocess.py:93} INFO -    193c6a9..971d585  main -> main
[2025-03-03T20:46:23.882+0000] {subprocess.py:97} INFO - Command exited with return code 0
[2025-03-03T20:46:23.944+0000] {taskinstance.py:1400} INFO - Marking task as SUCCESS. dag_id=customer_churn_ml_pipeline, task_id=data_preparation_task, execution_date=20250303T204515, start_date=20250303T204557, end_date=20250303T204623
[2025-03-03T20:46:24.001+0000] {local_task_job_runner.py:228} INFO - Task exited with return code 0
[2025-03-03T20:46:24.067+0000] {taskinstance.py:2778} INFO - 1 downstream tasks scheduled from follow-on schedule check
